Build started 5/8/2015 12:08:58 AM.
     1>Project "E:\Documents\Visual Studio 2013\Projects\SCICompanion\SCICompanion\SCICompanion.vcxproj" on node 2 (Build target(s)).
     1>Link:
         F:\VisualStudio\VC\bin\link.exe /ERRORREPORT:PROMPT /OUT:"E:\Documents\Visual Studio 2013\Projects\SCICompanion\Release\SCICompanion.exe" /INCREMENTAL:NO /NOLOGO /LIBPATH:"E:\Documents\Visual Studio 2013\Projects\SCICompanion\Prof-UIS.2.92\Bin_1000\\" /MANIFEST /MANIFESTUAC:"level='asInvoker' uiAccess='false'" /manifest:embed /manifestinput:res\SCICompanion.manifest /manifestinput:F:\VisualStudio\VC\Include\Manifest\dpiaware.manifest /DEBUG /PDB:"E:\Documents\Visual Studio 2013\Projects\SCICompanion\Release\SCICompanion.pdb" /SUBSYSTEM:WINDOWS /OPT:REF /OPT:ICF /LTCG /TLBID:1 /DYNAMICBASE /NXCOMPAT /IMPLIB:"E:\Documents\Visual Studio 2013\Projects\SCICompanion\Release\SCICompanion.lib" /MACHINE:X86 /PROFILE /SAFESEH Release\SCICompanion.res
         Release\SCICompanion.obj
         Release\stdafx.obj
         "E:\Documents\Visual Studio 2013\Projects\SCICompanion\Prof-UIS.2.92\Bin_1000\ProfUIS292sm.lib"
         "E:\Documents\Visual Studio 2013\Projects\SCICompanion\Release\SCICompanionLib.lib"
     1>Done Building Project "E:\Documents\Visual Studio 2013\Projects\SCICompanion\SCICompanion\SCICompanion.vcxproj" (Build target(s)) -- FAILED.

Build FAILED.

Time Elapsed 00:00:06.45
